Tuesday 21 August 2007 19:21:48 - demo3 - Upload completed (localhost / _4690ca8.exe)
Tuesday 21 August 2007 19:21:48 - demo3 - Upload completed (localhost / _58067039.exe)
Wednesday 22 August 2007 18:44:44 - demo1 - Upload completed (localhost / _58067039.exe)
Wednesday 22 August 2007 18:44:44 - demo1 - Upload completed (localhost / _4690ca8.exe)
Wednesday 22 August 2007 18:44:44 - demo1 - Upload completed (localhost / _58067039.exe)
Wednesday 22 August 2007 18:48:44 - demo1 - Upload completed (localhost / _4690ca8.exe)
Wednesday 22 August 2007 18:48:44 - demo1 - Upload completed (localhost / _58067039.exe)
Wednesday 22 August 2007 18:48:44 - demo1 - Upload completed (localhost / putty.exe)
Wednesday 22 August 2007 18:48:44 - demo1 - Upload completed (localhost / _58067039.exe)
Wednesday 22 August 2007 18:49:00 - demo1 - Upload completed (localhost / _58067039.exe)
Wednesday 22 August 2007 18:49:00 - demo1 - Upload completed (localhost / _4690ca8.exe)
Wednesday 22 August 2007 18:49:00 - demo1 - Upload completed (localhost / Icons.bmp)
Wednesday 22 August 2007 18:53:28 - demo1 - Upload completed (localhost / Icons.bmp)
Wednesday 22 August 2007 18:53:28 - demo1 - Upload completed (localhost / Thumbs.db)
Wednesday 22 August 2007 18:53:58 - demo1 - Upload completed (localhost / Active Setup Log.txt)
Wednesday 22 August 2007 18:53:58 - demo1 - Upload completed (localhost / AddLocalAdmin.EXE)
Wednesday 22 August 2007 18:53:58 - demo1 - Upload completed (localhost / Administrator@LENOVO-F6E39319.dat)
Wednesday 22 August 2007 18:53:58 - demo1 - Upload completed (localhost / basecsp.log)
Wednesday 22 August 2007 18:53:58 - demo1 - Upload completed (localhost / Blue Lace 16.bmp)
Wednesday 22 August 2007 18:53:58 - demo1 - Upload completed (localhost / bootstat.dat)
Wednesday 22 August 2007 18:53:58 - demo1 - Upload completed (localhost / clock.avi)
Wednesday 22 August 2007 18:53:58 - demo1 - Upload completed (localhost / cmsetacl.log)
Wednesday 22 August 2007 18:53:58 - demo1 - Upload completed (localhost / Coffee Bean.bmp)
Wednesday 22 August 2007 18:53:58 - demo1 - Upload completed (localhost / COM+.log)
Wednesday 22 August 2007 18:53:58 - demo1 - Upload completed (localhost / comsetup.log)
